Arguments: 
  /usr/local/bin/node /usr/local/bin/yarn publish

PATH: 
  /usr/local/bin:/usr/bin:/bin:/usr/sbin:/sbin:/usr/local/go/bin:/Users/jerry/Library/Android/sdk/tools:/Users/jerry/Library/Android/sdk/tools/bin:/Users/jerry/Library/Android/sdk/platform-tools:/Users/jerry/Projects/flutter/bin:/Users/jerry/Library/Android/sdk/tools:/Users/jerry/Library/Android/sdk/tools/bin:/Users/jerry/Library/Android/sdk/platform-tools:/Users/jerry/Projects/flutter/bin:/usr/local/go/bin

Yarn version: 
  1.13.0

Node version: 
  10.15.0

Platform: 
  darwin x64

Trace: 
  Error: canceled
      at Interface.<anonymous> (/usr/local/lib/node_modules/yarn/lib/cli.js:125657:13)
      at Interface.emit (events.js:182:13)
      at Interface._ttyWrite (readline.js:783:16)
      at ReadStream.onkeypress (readline.js:168:10)
      at ReadStream.emit (events.js:182:13)
      at emitKeys (internal/readline.js:424:14)
      at emitKeys.next (<anonymous>)
      at ReadStream.onData (readline.js:1022:36)
      at ReadStream.emit (events.js:182:13)
      at addChunk (_stream_readable.js:283:12)

npm manifest: 
  {
    "name": "react-native-ping",
    "version": "1.1.2",
    "description": "Highly accurate ICMP Ping controller for React Native",
    "main": "index.js",
    "scripts": {
      "test": "echo \"Error: no test specified\" && exit 1"
    },
    "keywords": [
      "react-native",
      "ping",
      "react-native-ping"
    ],
    "repository": {
      "type": "git",
      "url": "git+https://github.com/RoJoHub/react-native-ping"
    },
    "author": "tiancailuohao@gmail.com",
    "license": "MIT",
    "peerDependencies": {
      "react-native": "^0.41.2 || ^0.57.0"
    }
  }

yarn manifest: 
  No manifest

Lockfile: 
  # THIS IS AN AUTOGENERATED FILE. DO NOT EDIT THIS FILE DIRECTLY.
  # yarn lockfile v1
